  main.cpp
c:\users\darkt\documents\github\projet-echec\main.cpp(1559): warning C4326: le type de retour de 'main' doit être 'int' au lieu de 'void'
c:\users\darkt\documents\github\projet-echec\main.cpp(1565): warning C4244: 'argument' : conversion de 'T' en 'float', perte possible de données
          with
          [
              T=unsigned int
          ]
c:\users\darkt\documents\github\projet-echec\main.cpp(1632): warning C4244: 'argument' : conversion de 'T' en 'float', perte possible de données
          with
          [
              T=unsigned int
          ]
c:\users\darkt\documents\github\projet-echec\main.cpp(1754): warning C4244: 'argument' : conversion de 'T' en 'float', perte possible de données
          with
          [
              T=unsigned int
          ]
c:\users\darkt\documents\github\projet-echec\main.cpp(1924): warning C4244: '=' : conversion de 'int' en 'float', perte possible de données
c:\users\darkt\documents\github\projet-echec\main.cpp(1925): warning C4244: '=' : conversion de 'int' en 'float', perte possible de données
c:\users\darkt\documents\github\projet-echec\main.cpp(2215): warning C4244: 'argument' : conversion de 'int' en 'float', perte possible de données
c:\users\darkt\documents\github\projet-echec\main.cpp(2220): warning C4244: 'argument' : conversion de 'int' en 'float', perte possible de données
c:\users\darkt\documents\github\projet-echec\main.cpp(2237): warning C4244: 'argument' : conversion de 'int' en 'float', perte possible de données
c:\users\darkt\documents\github\projet-echec\main.cpp(2242): warning C4244: 'argument' : conversion de 'int' en 'float', perte possible de données
c:\users\darkt\documents\github\projet-echec\main.cpp(2247): warning C4244: 'argument' : conversion de 'int' en 'float', perte possible de données
c:\users\darkt\documents\github\projet-echec\main.cpp(2253): warning C4244: 'argument' : conversion de 'int' en 'float', perte possible de données
c:\users\darkt\documents\github\projet-echec\main.cpp(2259): warning C4244: 'argument' : conversion de 'int' en 'float', perte possible de données
c:\users\darkt\documents\github\projet-echec\main.cpp(2264): warning C4244: 'argument' : conversion de 'int' en 'float', perte possible de données
c:\users\darkt\documents\github\projet-echec\main.cpp(2269): warning C4244: 'argument' : conversion de 'int' en 'float', perte possible de données
c:\users\darkt\documents\github\projet-echec\main.cpp(2274): warning C4244: 'argument' : conversion de 'int' en 'float', perte possible de données
c:\users\darkt\documents\github\projet-echec\main.cpp(2279): warning C4244: 'argument' : conversion de 'int' en 'float', perte possible de données
c:\users\darkt\documents\github\projet-echec\main.cpp(2284): warning C4244: 'argument' : conversion de 'int' en 'float', perte possible de données
c:\users\darkt\documents\github\projet-echec\main.cpp(2289): warning C4244: 'argument' : conversion de 'int' en 'float', perte possible de données
c:\users\darkt\documents\github\projet-echec\main.cpp(2294): warning C4244: 'argument' : conversion de 'int' en 'float', perte possible de données
c:\users\darkt\documents\github\projet-echec\main.cpp(2945): warning C4244: 'argument' : conversion de 'T' en 'float', perte possible de données
          with
          [
              T=unsigned int
          ]
  Génération de code en cours
  0 of 109 functions ( 0.0%) were compiled, the rest were copied from previous compilation.
    0 functions were new in current compilation
    1 functions had inline decision re-evaluated but remain unchanged
  Fin de la génération du code
  TemplateSFML.vcxproj -> C:\Users\darkt\Documents\GitHub\Projet-Echec\x64\Release\TemplateSFML.exe
