c:\users\jules\documents\github\projet-echec\x64\debug\vc141.pdb
c:\users\jules\documents\github\projet-echec\x64\debug\vc141.idb
c:\users\jules\documents\github\projet-echec\x64\debug\plateau.obj
c:\users\jules\documents\github\projet-echec\x64\debug\option.obj
c:\users\jules\documents\github\projet-echec\x64\debug\menu.obj
c:\users\jules\documents\github\projet-echec\x64\debug\main.obj
c:\users\jules\documents\github\projet-echec\x64\debug\instructions.obj
c:\users\jules\documents\github\projet-echec\x64\debug\decor.obj
c:\users\jules\documents\github\projet-echec\x64\debug\affichenp.obj
c:\users\jules\documents\github\projet-echec\x64\debug\serveuxjeuxechecs.obj
c:\users\jules\documents\github\projet-echec\x64\debug\serveurjeuxechecs.obj
c:\users\jules\documents\github\projet-echec\x64\debug\templatesfml.exe
c:\users\jules\documents\github\projet-echec\x64\debug\templatesfml.ilk
c:\users\jules\documents\github\projet-echec\x64\debug\templatesfml.pdb
c:\users\jules\documents\github\projet-echec\x64\debug\pion.obj
c:\users\jules\documents\github\projet-echec\x64\debug\menu.obj.enc
c:\users\jules\documents\github\projet-echec\x64\debug\templatesfml.tlog\cl.command.1.tlog
c:\users\jules\documents\github\projet-echec\x64\debug\templatesfml.tlog\cl.read.1.tlog
c:\users\jules\documents\github\projet-echec\x64\debug\templatesfml.tlog\cl.write.1.tlog
c:\users\jules\documents\github\projet-echec\x64\debug\templatesfml.tlog\link.command.1.tlog
c:\users\jules\documents\github\projet-echec\x64\debug\templatesfml.tlog\link.read.1.tlog
c:\users\jules\documents\github\projet-echec\x64\debug\templatesfml.tlog\link.write.1.tlog
